<?xml version="1.0" encoding="UTF-8"?>
<testsuite xmlns:xsi="http://www.w3.org/2001/XMLSchema-instance" xsi:noNamespaceSchemaLocation="https://maven.apache.org/surefire/maven-surefire-plugin/xsd/surefire-test-report.xsd" name="pub.moi.wendao.WendaoApplicationTests" time="5.648" tests="1" errors="0" skipped="0" failures="0">
  <properties>
    <property name="gopherProxySet" value="false"/>
    <property name="awt.toolkit" value="sun.lwawt.macosx.LWCToolkit"/>
    <property name="file.encoding.pkg" value="sun.io"/>
    <property name="java.specification.version" value="1.8"/>
    <property name="sun.cpu.isalist" value=""/>
    <property name="sun.jnu.encoding" value="UTF-8"/>
    <property name="java.class.path" value="/Users/MacBook/Downloads/wendao/target/test-classes:/Users/MacBook/Downloads/wendao/target/classes:/Users/MacBook/.m2/repository/org/springframework/boot/spring-boot-starter-data-jpa/2.4.0/spring-boot-starter-data-jpa-2.4.0.jar:/Users/MacBook/.m2/repository/org/springframework/boot/spring-boot-starter-aop/2.4.0/spring-boot-starter-aop-2.4.0.jar:/Users/MacBook/.m2/repository/org/springframework/spring-aop/5.3.1/spring-aop-5.3.1.jar:/Users/MacBook/.m2/repository/jakarta/transaction/jakarta.transaction-api/1.3.3/jakarta.transaction-api-1.3.3.jar:/Users/MacBook/.m2/repository/jakarta/persistence/jakarta.persistence-api/2.2.3/jakarta.persistence-api-2.2.3.jar:/Users/MacBook/.m2/repository/org/hibernate/hibernate-core/5.4.23.Final/hibernate-core-5.4.23.Final.jar:/Users/MacBook/.m2/repository/org/jboss/logging/jboss-logging/3.4.1.Final/jboss-logging-3.4.1.Final.jar:/Users/MacBook/.m2/repository/org/javassist/javassist/3.24.0-GA/javassist-3.24.0-GA.jar:/Users/MacBook/.m2/repository/net/bytebuddy/byte-buddy/1.10.18/byte-buddy-1.10.18.jar:/Users/MacBook/.m2/repository/antlr/antlr/2.7.7/antlr-2.7.7.jar:/Users/MacBook/.m2/repository/org/jboss/jandex/2.1.3.Final/jandex-2.1.3.Final.jar:/Users/MacBook/.m2/repository/com/fasterxml/classmate/1.5.1/classmate-1.5.1.jar:/Users/MacBook/.m2/repository/org/dom4j/dom4j/2.1.3/dom4j-2.1.3.jar:/Users/MacBook/.m2/repository/org/hibernate/common/hibernate-commons-annotations/5.1.2.Final/hibernate-commons-annotations-5.1.2.Final.jar:/Users/MacBook/.m2/repository/org/glassfish/jaxb/jaxb-runtime/2.3.3/jaxb-runtime-2.3.3.jar:/Users/MacBook/.m2/repository/org/glassfish/jaxb/txw2/2.3.3/txw2-2.3.3.jar:/Users/MacBook/.m2/repository/com/sun/istack/istack-commons-runtime/3.0.11/istack-commons-runtime-3.0.11.jar:/Users/MacBook/.m2/repository/com/sun/activation/jakarta.activation/1.2.2/jakarta.activation-1.2.2.jar:/Users/MacBook/.m2/repository/org/springframework/data/spring-data-jpa/2.4.1/spring-data-jpa-2.4.1.jar:/Users/MacBook/.m2/repository/org/springframework/data/spring-data-commons/2.4.1/spring-data-commons-2.4.1.jar:/Users/MacBook/.m2/repository/org/springframework/spring-orm/5.3.1/spring-orm-5.3.1.jar:/Users/MacBook/.m2/repository/org/springframework/spring-context/5.3.1/spring-context-5.3.1.jar:/Users/MacBook/.m2/repository/org/springframework/spring-tx/5.3.1/spring-tx-5.3.1.jar:/Users/MacBook/.m2/repository/org/springframework/spring-beans/5.3.1/spring-beans-5.3.1.jar:/Users/MacBook/.m2/repository/org/slf4j/slf4j-api/1.7.30/slf4j-api-1.7.30.jar:/Users/MacBook/.m2/repository/org/springframework/spring-aspects/5.3.1/spring-aspects-5.3.1.jar:/Users/MacBook/.m2/repository/org/springframework/boot/spring-boot-starter-jdbc/2.4.0/spring-boot-starter-jdbc-2.4.0.jar:/Users/MacBook/.m2/repository/org/springframework/boot/spring-boot-starter/2.4.0/spring-boot-starter-2.4.0.jar:/Users/MacBook/.m2/repository/org/springframework/boot/spring-boot/2.4.0/spring-boot-2.4.0.jar:/Users/MacBook/.m2/repository/org/springframework/boot/spring-boot-autoconfigure/2.4.0/spring-boot-autoconfigure-2.4.0.jar:/Users/MacBook/.m2/repository/org/springframework/boot/spring-boot-starter-logging/2.4.0/spring-boot-starter-logging-2.4.0.jar:/Users/MacBook/.m2/repository/ch/qos/logback/logback-classic/1.2.3/logback-classic-1.2.3.jar:/Users/MacBook/.m2/repository/ch/qos/logback/logback-core/1.2.3/logback-core-1.2.3.jar:/Users/MacBook/.m2/repository/org/apache/logging/log4j/log4j-to-slf4j/2.13.3/log4j-to-slf4j-2.13.3.jar:/Users/MacBook/.m2/repository/org/apache/logging/log4j/log4j-api/2.13.3/log4j-api-2.13.3.jar:/Users/MacBook/.m2/repository/org/slf4j/jul-to-slf4j/1.7.30/jul-to-slf4j-1.7.30.jar:/Users/MacBook/.m2/repository/jakarta/annotation/jakarta.annotation-api/1.3.5/jakarta.annotation-api-1.3.5.jar:/Users/MacBook/.m2/repository/org/yaml/snakeyaml/1.27/snakeyaml-1.27.jar:/Users/MacBook/.m2/repository/com/zaxxer/HikariCP/3.4.5/HikariCP-3.4.5.jar:/Users/MacBook/.m2/repository/org/springframework/spring-jdbc/5.3.1/spring-jdbc-5.3.1.jar:/Users/MacBook/.m2/repository/org/springframework/boot/spring-boot-starter-thymeleaf/2.4.0/spring-boot-starter-thymeleaf-2.4.0.jar:/Users/MacBook/.m2/repository/org/thymeleaf/thymeleaf-spring5/3.0.11.RELEASE/thymeleaf-spring5-3.0.11.RELEASE.jar:/Users/MacBook/.m2/repository/org/thymeleaf/thymeleaf/3.0.11.RELEASE/thymeleaf-3.0.11.RELEASE.jar:/Users/MacBook/.m2/repository/org/attoparser/attoparser/2.0.5.RELEASE/attoparser-2.0.5.RELEASE.jar:/Users/MacBook/.m2/repository/org/unbescape/unbescape/1.1.6.RELEASE/unbescape-1.1.6.RELEASE.jar:/Users/MacBook/.m2/repository/org/thymeleaf/extras/thymeleaf-extras-java8time/3.0.4.RELEASE/thymeleaf-extras-java8time-3.0.4.RELEASE.jar:/Users/MacBook/.m2/repository/org/springframework/boot/spring-boot-starter-web/2.4.0/spring-boot-starter-web-2.4.0.jar:/Users/MacBook/.m2/repository/org/springframework/boot/spring-boot-starter-json/2.4.0/spring-boot-starter-json-2.4.0.jar:/Users/MacBook/.m2/repository/com/fasterxml/jackson/datatype/jackson-datatype-jdk8/2.11.3/jackson-datatype-jdk8-2.11.3.jar:/Users/MacBook/.m2/repository/com/fasterxml/jackson/datatype/jackson-datatype-jsr310/2.11.3/jackson-datatype-jsr310-2.11.3.jar:/Users/MacBook/.m2/repository/com/fasterxml/jackson/module/jackson-module-parameter-names/2.11.3/jackson-module-parameter-names-2.11.3.jar:/Users/MacBook/.m2/repository/org/springframework/boot/spring-boot-starter-tomcat/2.4.0/spring-boot-starter-tomcat-2.4.0.jar:/Users/MacBook/.m2/repository/org/apache/tomcat/embed/tomcat-embed-core/9.0.39/tomcat-embed-core-9.0.39.jar:/Users/MacBook/.m2/repository/org/glassfish/jakarta.el/3.0.3/jakarta.el-3.0.3.jar:/Users/MacBook/.m2/repository/org/apache/tomcat/embed/tomcat-embed-websocket/9.0.39/tomcat-embed-websocket-9.0.39.jar:/Users/MacBook/.m2/repository/org/springframework/spring-web/5.3.1/spring-web-5.3.1.jar:/Users/MacBook/.m2/repository/org/springframework/spring-webmvc/5.3.1/spring-webmvc-5.3.1.jar:/Users/MacBook/.m2/repository/org/springframework/spring-expression/5.3.1/spring-expression-5.3.1.jar:/Users/MacBook/.m2/repository/com/fasterxml/jackson/module/jackson-module-kotlin/2.11.3/jackson-module-kotlin-2.11.3.jar:/Users/MacBook/.m2/repository/com/fasterxml/jackson/core/jackson-databind/2.11.3/jackson-databind-2.11.3.jar:/Users/MacBook/.m2/repository/com/fasterxml/jackson/core/jackson-core/2.11.3/jackson-core-2.11.3.jar:/Users/MacBook/.m2/repository/com/fasterxml/jackson/core/jackson-annotations/2.11.3/jackson-annotations-2.11.3.jar:/Users/MacBook/.m2/repository/org/jetbrains/kotlin/kotlin-reflect/1.4.10/kotlin-reflect-1.4.10.jar:/Users/MacBook/.m2/repository/org/jetbrains/kotlin/kotlin-stdlib/1.4.10/kotlin-stdlib-1.4.10.jar:/Users/MacBook/.m2/repository/org/jetbrains/kotlin/kotlin-stdlib-common/1.4.10/kotlin-stdlib-common-1.4.10.jar:/Users/MacBook/.m2/repository/org/jetbrains/annotations/13.0/annotations-13.0.jar:/Users/MacBook/.m2/repository/org/springframework/boot/spring-boot-starter-test/2.4.0/spring-boot-starter-test-2.4.0.jar:/Users/MacBook/.m2/repository/org/springframework/boot/spring-boot-test/2.4.0/spring-boot-test-2.4.0.jar:/Users/MacBook/.m2/repository/org/springframework/boot/spring-boot-test-autoconfigure/2.4.0/spring-boot-test-autoconfigure-2.4.0.jar:/Users/MacBook/.m2/repository/com/jayway/jsonpath/json-path/2.4.0/json-path-2.4.0.jar:/Users/MacBook/.m2/repository/net/minidev/json-smart/2.3/json-smart-2.3.jar:/Users/MacBook/.m2/repository/net/minidev/accessors-smart/1.2/accessors-smart-1.2.jar:/Users/MacBook/.m2/repository/org/ow2/asm/asm/5.0.4/asm-5.0.4.jar:/Users/MacBook/.m2/repository/jakarta/xml/bind/jakarta.xml.bind-api/2.3.3/jakarta.xml.bind-api-2.3.3.jar:/Users/MacBook/.m2/repository/jakarta/activation/jakarta.activation-api/1.2.2/jakarta.activation-api-1.2.2.jar:/Users/MacBook/.m2/repository/org/assertj/assertj-core/3.18.1/assertj-core-3.18.1.jar:/Users/MacBook/.m2/repository/org/hamcrest/hamcrest/2.2/hamcrest-2.2.jar:/Users/MacBook/.m2/repository/org/junit/jupiter/junit-jupiter/5.7.0/junit-jupiter-5.7.0.jar:/Users/MacBook/.m2/repository/org/junit/jupiter/junit-jupiter-api/5.7.0/junit-jupiter-api-5.7.0.jar:/Users/MacBook/.m2/repository/org/apiguardian/apiguardian-api/1.1.0/apiguardian-api-1.1.0.jar:/Users/MacBook/.m2/repository/org/opentest4j/opentest4j/1.2.0/opentest4j-1.2.0.jar:/Users/MacBook/.m2/repository/org/junit/platform/junit-platform-commons/1.7.0/junit-platform-commons-1.7.0.jar:/Users/MacBook/.m2/repository/org/junit/jupiter/junit-jupiter-params/5.7.0/junit-jupiter-params-5.7.0.jar:/Users/MacBook/.m2/repository/org/junit/jupiter/junit-jupiter-engine/5.7.0/junit-jupiter-engine-5.7.0.jar:/Users/MacBook/.m2/repository/org/junit/platform/junit-platform-engine/1.7.0/junit-platform-engine-1.7.0.jar:/Users/MacBook/.m2/repository/org/mockito/mockito-core/3.6.0/mockito-core-3.6.0.jar:/Users/MacBook/.m2/repository/net/bytebuddy/byte-buddy-agent/1.10.18/byte-buddy-agent-1.10.18.jar:/Users/MacBook/.m2/repository/org/objenesis/objenesis/3.1/objenesis-3.1.jar:/Users/MacBook/.m2/repository/org/mockito/mockito-junit-jupiter/3.6.0/mockito-junit-jupiter-3.6.0.jar:/Users/MacBook/.m2/repository/org/skyscreamer/jsonassert/1.5.0/jsonassert-1.5.0.jar:/Users/MacBook/.m2/repository/com/vaadin/external/google/android-json/0.0.20131108.vaadin1/android-json-0.0.20131108.vaadin1.jar:/Users/MacBook/.m2/repository/org/springframework/spring-core/5.3.1/spring-core-5.3.1.jar:/Users/MacBook/.m2/repository/org/springframework/spring-jcl/5.3.1/spring-jcl-5.3.1.jar:/Users/MacBook/.m2/repository/org/springframework/spring-test/5.3.1/spring-test-5.3.1.jar:/Users/MacBook/.m2/repository/org/xmlunit/xmlunit-core/2.7.0/xmlunit-core-2.7.0.jar:/Users/MacBook/.m2/repository/org/jetbrains/kotlin/kotlin-stdlib-jdk8/1.4.10/kotlin-stdlib-jdk8-1.4.10.jar:/Users/MacBook/.m2/repository/org/jetbrains/kotlin/kotlin-stdlib-jdk7/1.4.10/kotlin-stdlib-jdk7-1.4.10.jar:/Users/MacBook/.m2/repository/org/jetbrains/kotlin/kotlin-test/1.4.10/kotlin-test-1.4.10.jar:/Users/MacBook/.m2/repository/org/jetbrains/kotlin/kotlin-test-common/1.4.10/kotlin-test-common-1.4.10.jar:/Users/MacBook/.m2/repository/mysql/mysql-connector-java/8.0.22/mysql-connector-java-8.0.22.jar:/Users/MacBook/.m2/repository/org/apache/maven/plugins/maven-site-plugin/3.8.2/maven-site-plugin-3.8.2.jar:/Users/MacBook/.m2/repository/commons-logging/commons-logging/1.1/commons-logging-1.1.jar:/Users/MacBook/.m2/repository/log4j/log4j/1.2.12/log4j-1.2.12.jar:/Users/MacBook/.m2/repository/logkit/logkit/1.0.1/logkit-1.0.1.jar:/Users/MacBook/.m2/repository/avalon-framework/avalon-framework/4.1.3/avalon-framework-4.1.3.jar:/Users/MacBook/.m2/repository/org/apache/maven/reporting/maven-reporting-exec/1.4/maven-reporting-exec-1.4.jar:/Users/MacBook/.m2/repository/org/apache/maven/reporting/maven-reporting-api/3.0/maven-reporting-api-3.0.jar:/Users/MacBook/.m2/repository/org/apache/maven/maven-artifact/3.0/maven-artifact-3.0.jar:/Users/MacBook/.m2/repository/org/sonatype/aether/aether-util/1.7/aether-util-1.7.jar:/Users/MacBook/.m2/repository/org/eclipse/aether/aether-util/0.9.0.M2/aether-util-0.9.0.M2.jar:/Users/MacBook/.m2/repository/org/apache/maven/shared/maven-shared-utils/3.1.0/maven-shared-utils-3.1.0.jar:/Users/MacBook/.m2/repository/org/apache/maven/maven-core/3.0/maven-core-3.0.jar:/Users/MacBook/.m2/repository/org/apache/maven/maven-repository-metadata/3.0/maven-repository-metadata-3.0.jar:/Users/MacBook/.m2/repository/org/apache/maven/maven-model-builder/3.0/maven-model-builder-3.0.jar:/Users/MacBook/.m2/repository/org/apache/maven/maven-aether-provider/3.0/maven-aether-provider-3.0.jar:/Users/MacBook/.m2/repository/org/sonatype/aether/aether-impl/1.7/aether-impl-1.7.jar:/Users/MacBook/.m2/repository/org/sonatype/aether/aether-spi/1.7/aether-spi-1.7.jar:/Users/MacBook/.m2/repository/org/sonatype/aether/aether-api/1.7/aether-api-1.7.jar:/Users/MacBook/.m2/repository/org/codehaus/plexus/plexus-interpolation/1.14/plexus-interpolation-1.14.jar:/Users/MacBook/.m2/repository/org/codehaus/plexus/plexus-component-annotations/1.5.5/plexus-component-annotations-1.5.5.jar:/Users/MacBook/.m2/repository/org/sonatype/plexus/plexus-sec-dispatcher/1.3/plexus-sec-dispatcher-1.3.jar:/Users/MacBook/.m2/repository/org/sonatype/plexus/plexus-cipher/1.4/plexus-cipher-1.4.jar:/Users/MacBook/.m2/repository/org/apache/maven/maven-model/3.0/maven-model-3.0.jar:/Users/MacBook/.m2/repository/org/apache/maven/maven-plugin-api/3.0/maven-plugin-api-3.0.jar:/Users/MacBook/.m2/repository/org/apache/maven/maven-settings/3.0/maven-settings-3.0.jar:/Users/MacBook/.m2/repository/org/apache/maven/maven-settings-builder/3.0/maven-settings-builder-3.0.jar:/Users/MacBook/.m2/repository/org/apache/maven/maven-archiver/3.1.1/maven-archiver-3.1.1.jar:/Users/MacBook/.m2/repository/org/sonatype/sisu/sisu-inject-plexus/1.4.2/sisu-inject-plexus-1.4.2.jar:/Users/MacBook/.m2/repository/org/sonatype/sisu/sisu-inject-bean/1.4.2/sisu-inject-bean-1.4.2.jar:/Users/MacBook/.m2/repository/org/sonatype/sisu/sisu-guice/2.1.7/sisu-guice-2.1.7-noaop.jar:/Users/MacBook/.m2/repository/org/codehaus/plexus/plexus-archiver/3.4/plexus-archiver-3.4.jar:/Users/MacBook/.m2/repository/org/codehaus/plexus/plexus-io/2.7.1/plexus-io-2.7.1.jar:/Users/MacBook/.m2/repository/org/apache/commons/commons-compress/1.11/commons-compress-1.11.jar:/Users/MacBook/.m2/repository/org/iq80/snappy/snappy/0.4/snappy-0.4.jar:/Users/MacBook/.m2/repository/org/tukaani/xz/1.5/xz-1.5.jar:/Users/MacBook/.m2/repository/org/codehaus/plexus/plexus-i18n/1.0-beta-10/plexus-i18n-1.0-beta-10.jar:/Users/MacBook/.m2/repository/org/codehaus/plexus/plexus-utils/3.0.24/plexus-utils-3.0.24.jar:/Users/MacBook/.m2/repository/org/codehaus/plexus/plexus-classworlds/2.5.2/plexus-classworlds-2.5.2.jar:/Users/MacBook/.m2/repository/org/apache/maven/doxia/doxia-sink-api/1.9/doxia-sink-api-1.9.jar:/Users/MacBook/.m2/repository/org/apache/maven/doxia/doxia-logging-api/1.9/doxia-logging-api-1.9.jar:/Users/MacBook/.m2/repository/org/apache/maven/doxia/doxia-core/1.9/doxia-core-1.9.jar:/Users/MacBook/.m2/repository/org/codehaus/plexus/plexus-container-default/1.7.1/plexus-container-default-1.7.1.jar:/Users/MacBook/.m2/repository/org/apache/xbean/xbean-reflect/3.7/xbean-reflect-3.7.jar:/Users/MacBook/.m2/repository/com/google/collections/google-collections/1.0/google-collections-1.0.jar:/Users/MacBook/.m2/repository/org/apache/httpcomponents/httpclient/4.5.13/httpclient-4.5.13.jar:/Users/MacBook/.m2/repository/commons-codec/commons-codec/1.15/commons-codec-1.15.jar:/Users/MacBook/.m2/repository/org/apache/httpcomponents/httpcore/4.4.13/httpcore-4.4.13.jar:/Users/MacBook/.m2/repository/org/apache/maven/doxia/doxia-module-xhtml/1.9/doxia-module-xhtml-1.9.jar:/Users/MacBook/.m2/repository/org/apache/maven/doxia/doxia-module-xhtml5/1.9/doxia-module-xhtml5-1.9.jar:/Users/MacBook/.m2/repository/org/apache/maven/doxia/doxia-module-apt/1.9/doxia-module-apt-1.9.jar:/Users/MacBook/.m2/repository/org/apache/maven/doxia/doxia-module-xdoc/1.9/doxia-module-xdoc-1.9.jar:/Users/MacBook/.m2/repository/org/apache/maven/doxia/doxia-module-fml/1.9/doxia-module-fml-1.9.jar:/Users/MacBook/.m2/repository/org/apache/maven/doxia/doxia-module-markdown/1.9/doxia-module-markdown-1.9.jar:/Users/MacBook/.m2/repository/com/vladsch/flexmark/flexmark-all/0.42.8/flexmark-all-0.42.8.jar:/Users/MacBook/.m2/repository/com/vladsch/flexmark/flexmark/0.42.8/flexmark-0.42.8.jar:/Users/MacBook/.m2/repository/com/vladsch/flexmark/flexmark-ext-abbreviation/0.42.8/flexmark-ext-abbreviation-0.42.8.jar:/Users/MacBook/.m2/repository/com/vladsch/flexmark/flexmark-ext-admonition/0.42.8/flexmark-ext-admonition-0.42.8.jar:/Users/MacBook/.m2/repository/com/vladsch/flexmark/flexmark-ext-anchorlink/0.42.8/flexmark-ext-anchorlink-0.42.8.jar:/Users/MacBook/.m2/repository/com/vladsch/flexmark/flexmark-ext-aside/0.42.8/flexmark-ext-aside-0.42.8.jar:/Users/MacBook/.m2/repository/com/vladsch/flexmark/flexmark-ext-attributes/0.42.8/flexmark-ext-attributes-0.42.8.jar:/Users/MacBook/.m2/repository/com/vladsch/flexmark/flexmark-ext-autolink/0.42.8/flexmark-ext-autolink-0.42.8.jar:/Users/MacBook/.m2/repository/org/nibor/autolink/autolink/0.6.0/autolink-0.6.0.jar:/Users/MacBook/.m2/repository/com/vladsch/flexmark/flexmark-ext-definition/0.42.8/flexmark-ext-definition-0.42.8.jar:/Users/MacBook/.m2/repository/com/vladsch/flexmark/flexmark-ext-emoji/0.42.8/flexmark-ext-emoji-0.42.8.jar:/Users/MacBook/.m2/repository/com/vladsch/flexmark/flexmark-ext-enumerated-reference/0.42.8/flexmark-ext-enumerated-reference-0.42.8.jar:/Users/MacBook/.m2/repository/com/vladsch/flexmark/flexmark-ext-escaped-character/0.42.8/flexmark-ext-escaped-character-0.42.8.jar:/Users/MacBook/.m2/repository/com/vladsch/flexmark/flexmark-ext-footnotes/0.42.8/flexmark-ext-footnotes-0.42.8.jar:/Users/MacBook/.m2/repository/com/vladsch/flexmark/flexmark-ext-gfm-issues/0.42.8/flexmark-ext-gfm-issues-0.42.8.jar:/Users/MacBook/.m2/repository/com/vladsch/flexmark/flexmark-ext-gfm-strikethrough/0.42.8/flexmark-ext-gfm-strikethrough-0.42.8.jar:/Users/MacBook/.m2/repository/com/vladsch/flexmark/flexmark-ext-gfm-tables/0.42.8/flexmark-ext-gfm-tables-0.42.8.jar:/Users/MacBook/.m2/repository/com/vladsch/flexmark/flexmark-ext-gfm-tasklist/0.42.8/flexmark-ext-gfm-tasklist-0.42.8.jar:/Users/MacBook/.m2/repository/com/vladsch/flexmark/flexmark-ext-gfm-users/0.42.8/flexmark-ext-gfm-users-0.42.8.jar:/Users/MacBook/.m2/repository/com/vladsch/flexmark/flexmark-ext-gitlab/0.42.8/flexmark-ext-gitlab-0.42.8.jar:/Users/MacBook/.m2/repository/com/vladsch/flexmark/flexmark-ext-jekyll-front-matter/0.42.8/flexmark-ext-jekyll-front-matter-0.42.8.jar:/Users/MacBook/.m2/repository/com/vladsch/flexmark/flexmark-ext-jekyll-tag/0.42.8/flexmark-ext-jekyll-tag-0.42.8.jar:/Users/MacBook/.m2/repository/com/vladsch/flexmark/flexmark-ext-media-tags/0.42.8/flexmark-ext-media-tags-0.42.8.jar:/Users/MacBook/.m2/repository/com/vladsch/flexmark/flexmark-ext-macros/0.42.8/flexmark-ext-macros-0.42.8.jar:/Users/MacBook/.m2/repository/com/vladsch/flexmark/flexmark-ext-ins/0.42.8/flexmark-ext-ins-0.42.8.jar:/Users/MacBook/.m2/repository/com/vladsch/flexmark/flexmark-ext-xwiki-macros/0.42.8/flexmark-ext-xwiki-macros-0.42.8.jar:/Users/MacBook/.m2/repository/com/vladsch/flexmark/flexmark-ext-superscript/0.42.8/flexmark-ext-superscript-0.42.8.jar:/Users/MacBook/.m2/repository/com/vladsch/flexmark/flexmark-ext-tables/0.42.8/flexmark-ext-tables-0.42.8.jar:/Users/MacBook/.m2/repository/com/vladsch/flexmark/flexmark-ext-toc/0.42.8/flexmark-ext-toc-0.42.8.jar:/Users/MacBook/.m2/repository/com/vladsch/flexmark/flexmark-ext-typographic/0.42.8/flexmark-ext-typographic-0.42.8.jar:/Users/MacBook/.m2/repository/com/vladsch/flexmark/flexmark-ext-wikilink/0.42.8/flexmark-ext-wikilink-0.42.8.jar:/Users/MacBook/.m2/repository/com/vladsch/flexmark/flexmark-ext-yaml-front-matter/0.42.8/flexmark-ext-yaml-front-matter-0.42.8.jar:/Users/MacBook/.m2/repository/com/vladsch/flexmark/flexmark-ext-youtube-embedded/0.42.8/flexmark-ext-youtube-embedded-0.42.8.jar:/Users/MacBook/.m2/repository/com/vladsch/flexmark/flexmark-formatter/0.42.8/flexmark-formatter-0.42.8.jar:/Users/MacBook/.m2/repository/com/vladsch/flexmark/flexmark-html-parser/0.42.8/flexmark-html-parser-0.42.8.jar:/Users/MacBook/.m2/repository/org/jsoup/jsoup/1.10.2/jsoup-1.10.2.jar:/Users/MacBook/.m2/repository/com/vladsch/flexmark/flexmark-jira-converter/0.42.8/flexmark-jira-converter-0.42.8.jar:/Users/MacBook/.m2/repository/com/vladsch/flexmark/flexmark-profile-pegdown/0.42.8/flexmark-profile-pegdown-0.42.8.jar:/Users/MacBook/.m2/repository/com/vladsch/flexmark/flexmark-util/0.42.8/flexmark-util-0.42.8.jar:/Users/MacBook/.m2/repository/com/vladsch/flexmark/flexmark-youtrack-converter/0.42.8/flexmark-youtrack-converter-0.42.8.jar:/Users/MacBook/.m2/repository/org/apache/maven/doxia/doxia-module-confluence/1.9/doxia-module-confluence-1.9.jar:/Users/MacBook/.m2/repository/org/apache/maven/doxia/doxia-module-docbook-simple/1.9/doxia-module-docbook-simple-1.9.jar:/Users/MacBook/.m2/repository/org/apache/maven/doxia/doxia-module-twiki/1.9/doxia-module-twiki-1.9.jar:/Users/MacBook/.m2/repository/org/apache/maven/doxia/doxia-decoration-model/1.9.1/doxia-decoration-model-1.9.1.jar:/Users/MacBook/.m2/repository/org/apache/maven/doxia/doxia-site-renderer/1.9.1/doxia-site-renderer-1.9.1.jar:/Users/MacBook/.m2/repository/org/apache/maven/doxia/doxia-skin-model/1.9.1/doxia-skin-model-1.9.1.jar:/Users/MacBook/.m2/repository/org/codehaus/plexus/plexus-velocity/1.2/plexus-velocity-1.2.jar:/Users/MacBook/.m2/repository/org/apache/velocity/velocity/1.7/velocity-1.7.jar:/Users/MacBook/.m2/repository/commons-lang/commons-lang/2.4/commons-lang-2.4.jar:/Users/MacBook/.m2/repository/org/apache/velocity/velocity-tools/2.0/velocity-tools-2.0.jar:/Users/MacBook/.m2/repository/commons-beanutils/commons-beanutils/1.7.0/commons-beanutils-1.7.0.jar:/Users/MacBook/.m2/repository/commons-digester/commons-digester/1.8/commons-digester-1.8.jar:/Users/MacBook/.m2/repository/commons-chain/commons-chain/1.1/commons-chain-1.1.jar:/Users/MacBook/.m2/repository/commons-validator/commons-validator/1.3.1/commons-validator-1.3.1.jar:/Users/MacBook/.m2/repository/dom4j/dom4j/1.1/dom4j-1.1.jar:/Users/MacBook/.m2/repository/oro/oro/2.0.8/oro-2.0.8.jar:/Users/MacBook/.m2/repository/sslext/sslext/1.2-0/sslext-1.2-0.jar:/Users/MacBook/.m2/repository/org/apache/struts/struts-core/1.3.8/struts-core-1.3.8.jar:/Users/MacBook/.m2/repository/org/apache/struts/struts-taglib/1.3.8/struts-taglib-1.3.8.jar:/Users/MacBook/.m2/repository/org/apache/struts/struts-tiles/1.3.8/struts-tiles-1.3.8.jar:/Users/MacBook/.m2/repository/commons-collections/commons-collections/3.2.2/commons-collections-3.2.2.jar:/Users/MacBook/.m2/repository/org/apache/maven/doxia/doxia-integration-tools/1.9.1/doxia-integration-tools-1.9.1.jar:/Users/MacBook/.m2/repository/org/apache/maven/wagon/wagon-provider-api/3.3.1/wagon-provider-api-3.3.1.jar:/Users/MacBook/.m2/repository/org/eclipse/jetty/jetty-server/9.4.34.v20201102/jetty-server-9.4.34.v20201102.jar:/Users/MacBook/.m2/repository/javax/servlet/javax.servlet-api/4.0.1/javax.servlet-api-4.0.1.jar:/Users/MacBook/.m2/repository/org/eclipse/jetty/jetty-http/9.4.34.v20201102/jetty-http-9.4.34.v20201102.jar:/Users/MacBook/.m2/repository/org/eclipse/jetty/jetty-io/9.4.34.v20201102/jetty-io-9.4.34.v20201102.jar:/Users/MacBook/.m2/repository/org/eclipse/jetty/jetty-servlet/9.4.34.v20201102/jetty-servlet-9.4.34.v20201102.jar:/Users/MacBook/.m2/repository/org/eclipse/jetty/jetty-security/9.4.34.v20201102/jetty-security-9.4.34.v20201102.jar:/Users/MacBook/.m2/repository/org/eclipse/jetty/jetty-webapp/9.4.34.v20201102/jetty-webapp-9.4.34.v20201102.jar:/Users/MacBook/.m2/repository/org/eclipse/jetty/jetty-xml/9.4.34.v20201102/jetty-xml-9.4.34.v20201102.jar:/Users/MacBook/.m2/repository/org/eclipse/jetty/jetty-util/9.4.34.v20201102/jetty-util-9.4.34.v20201102.jar:/Users/MacBook/.m2/repository/org/apache/commons/commons-lang3/3.11/commons-lang3-3.11.jar:/Users/MacBook/.m2/repository/commons-io/commons-io/2.5/commons-io-2.5.jar:/Users/MacBook/.m2/repository/com/alibaba/druid/1.1.9/druid-1.1.9.jar:/Users/MacBook/.m2/repository/org/aspectj/aspectjweaver/1.9.6/aspectjweaver-1.9.6.jar:/Users/MacBook/.m2/repository/com/squareup/retrofit2/converter-gson/2.1.0/converter-gson-2.1.0.jar:/Users/MacBook/.m2/repository/com/squareup/retrofit2/retrofit/2.1.0/retrofit-2.1.0.jar:/Users/MacBook/.m2/repository/com/google/code/gson/gson/2.8.6/gson-2.8.6.jar:/Users/MacBook/.m2/repository/com/squareup/retrofit2/converter-scalars/2.1.0/converter-scalars-2.1.0.jar:/Users/MacBook/.m2/repository/com/squareup/retrofit2/adapter-rxjava2/2.4.0/adapter-rxjava2-2.4.0.jar:/Users/MacBook/.m2/repository/io/reactivex/rxjava2/rxjava/2.1.8/rxjava-2.1.8.jar:/Users/MacBook/.m2/repository/org/reactivestreams/reactive-streams/1.0.3/reactive-streams-1.0.3.jar:/Users/MacBook/.m2/repository/com/squareup/okhttp3/logging-interceptor/3.4.1/logging-interceptor-3.4.1.jar:/Users/MacBook/.m2/repository/com/squareup/okhttp3/okhttp/3.14.9/okhttp-3.14.9.jar:/Users/MacBook/.m2/repository/com/squareup/okio/okio/1.17.2/okio-1.17.2.jar:/Users/MacBook/.m2/repository/org/bouncycastle/bcprov-jdk15on/1.66/bcprov-jdk15on-1.66.jar:/Users/MacBook/.m2/repository/org/springframework/boot/spring-boot-starter-redis/1.4.7.RELEASE/spring-boot-starter-redis-1.4.7.RELEASE.jar:/Users/MacBook/.m2/repository/org/springframework/data/spring-data-redis/2.4.1/spring-data-redis-2.4.1.jar:/Users/MacBook/.m2/repository/org/springframework/data/spring-data-keyvalue/2.4.1/spring-data-keyvalue-2.4.1.jar:/Users/MacBook/.m2/repository/org/springframework/spring-oxm/5.3.1/spring-oxm-5.3.1.jar:/Users/MacBook/.m2/repository/org/springframework/spring-context-support/5.3.1/spring-context-support-5.3.1.jar:/Users/MacBook/.m2/repository/redis/clients/jedis/3.3.0/jedis-3.3.0.jar:/Users/MacBook/.m2/repository/org/apache/commons/commons-pool2/2.9.0/commons-pool2-2.9.0.jar:"/>
    <property name="java.vm.vendor" value="Oracle Corporation"/>
    <property name="sun.arch.data.model" value="64"/>
    <property name="java.vendor.url" value="http://java.oracle.com/"/>
    <property name="user.timezone" value=""/>
    <property name="java.vm.specification.version" value="1.8"/>
    <property name="os.name" value="Mac OS X"/>
    <property name="user.country" value="CN"/>
    <property name="sun.java.launcher" value="SUN_STANDARD"/>
    <property name="sun.boot.library.path" value="/Library/Java/JavaVirtualMachines/jdk1.8.0_77.jdk/Contents/Home/jre/lib"/>
    <property name="sun.java.command" value="/Users/MacBook/Downloads/wendao/target/surefire/surefirebooter3827633634663024330.jar /Users/MacBook/Downloads/wendao/target/surefire 2020-11-15T15-00-47_225-jvmRun1 surefire4420791331184593791tmp surefire_0213579936285828375tmp"/>
    <property name="surefire.test.class.path" value="/Users/MacBook/Downloads/wendao/target/test-classes:/Users/MacBook/Downloads/wendao/target/classes:/Users/MacBook/.m2/repository/org/springframework/boot/spring-boot-starter-data-jpa/2.4.0/spring-boot-starter-data-jpa-2.4.0.jar:/Users/MacBook/.m2/repository/org/springframework/boot/spring-boot-starter-aop/2.4.0/spring-boot-starter-aop-2.4.0.jar:/Users/MacBook/.m2/repository/org/springframework/spring-aop/5.3.1/spring-aop-5.3.1.jar:/Users/MacBook/.m2/repository/jakarta/transaction/jakarta.transaction-api/1.3.3/jakarta.transaction-api-1.3.3.jar:/Users/MacBook/.m2/repository/jakarta/persistence/jakarta.persistence-api/2.2.3/jakarta.persistence-api-2.2.3.jar:/Users/MacBook/.m2/repository/org/hibernate/hibernate-core/5.4.23.Final/hibernate-core-5.4.23.Final.jar:/Users/MacBook/.m2/repository/org/jboss/logging/jboss-logging/3.4.1.Final/jboss-logging-3.4.1.Final.jar:/Users/MacBook/.m2/repository/org/javassist/javassist/3.24.0-GA/javassist-3.24.0-GA.jar:/Users/MacBook/.m2/repository/net/bytebuddy/byte-buddy/1.10.18/byte-buddy-1.10.18.jar:/Users/MacBook/.m2/repository/antlr/antlr/2.7.7/antlr-2.7.7.jar:/Users/MacBook/.m2/repository/org/jboss/jandex/2.1.3.Final/jandex-2.1.3.Final.jar:/Users/MacBook/.m2/repository/com/fasterxml/classmate/1.5.1/classmate-1.5.1.jar:/Users/MacBook/.m2/repository/org/dom4j/dom4j/2.1.3/dom4j-2.1.3.jar:/Users/MacBook/.m2/repository/org/hibernate/common/hibernate-commons-annotations/5.1.2.Final/hibernate-commons-annotations-5.1.2.Final.jar:/Users/MacBook/.m2/repository/org/glassfish/jaxb/jaxb-runtime/2.3.3/jaxb-runtime-2.3.3.jar:/Users/MacBook/.m2/repository/org/glassfish/jaxb/txw2/2.3.3/txw2-2.3.3.jar:/Users/MacBook/.m2/repository/com/sun/istack/istack-commons-runtime/3.0.11/istack-commons-runtime-3.0.11.jar:/Users/MacBook/.m2/repository/com/sun/activation/jakarta.activation/1.2.2/jakarta.activation-1.2.2.jar:/Users/MacBook/.m2/repository/org/springframework/data/spring-data-jpa/2.4.1/spring-data-jpa-2.4.1.jar:/Users/MacBook/.m2/repository/org/springframework/data/spring-data-commons/2.4.1/spring-data-commons-2.4.1.jar:/Users/MacBook/.m2/repository/org/springframework/spring-orm/5.3.1/spring-orm-5.3.1.jar:/Users/MacBook/.m2/repository/org/springframework/spring-context/5.3.1/spring-context-5.3.1.jar:/Users/MacBook/.m2/repository/org/springframework/spring-tx/5.3.1/spring-tx-5.3.1.jar:/Users/MacBook/.m2/repository/org/springframework/spring-beans/5.3.1/spring-beans-5.3.1.jar:/Users/MacBook/.m2/repository/org/slf4j/slf4j-api/1.7.30/slf4j-api-1.7.30.jar:/Users/MacBook/.m2/repository/org/springframework/spring-aspects/5.3.1/spring-aspects-5.3.1.jar:/Users/MacBook/.m2/repository/org/springframework/boot/spring-boot-starter-jdbc/2.4.0/spring-boot-starter-jdbc-2.4.0.jar:/Users/MacBook/.m2/repository/org/springframework/boot/spring-boot-starter/2.4.0/spring-boot-starter-2.4.0.jar:/Users/MacBook/.m2/repository/org/springframework/boot/spring-boot/2.4.0/spring-boot-2.4.0.jar:/Users/MacBook/.m2/repository/org/springframework/boot/spring-boot-autoconfigure/2.4.0/spring-boot-autoconfigure-2.4.0.jar:/Users/MacBook/.m2/repository/org/springframework/boot/spring-boot-starter-logging/2.4.0/spring-boot-starter-logging-2.4.0.jar:/Users/MacBook/.m2/repository/ch/qos/logback/logback-classic/1.2.3/logback-classic-1.2.3.jar:/Users/MacBook/.m2/repository/ch/qos/logback/logback-core/1.2.3/logback-core-1.2.3.jar:/Users/MacBook/.m2/repository/org/apache/logging/log4j/log4j-to-slf4j/2.13.3/log4j-to-slf4j-2.13.3.jar:/Users/MacBook/.m2/repository/org/apache/logging/log4j/log4j-api/2.13.3/log4j-api-2.13.3.jar:/Users/MacBook/.m2/repository/org/slf4j/jul-to-slf4j/1.7.30/jul-to-slf4j-1.7.30.jar:/Users/MacBook/.m2/repository/jakarta/annotation/jakarta.annotation-api/1.3.5/jakarta.annotation-api-1.3.5.jar:/Users/MacBook/.m2/repository/org/yaml/snakeyaml/1.27/snakeyaml-1.27.jar:/Users/MacBook/.m2/repository/com/zaxxer/HikariCP/3.4.5/HikariCP-3.4.5.jar:/Users/MacBook/.m2/repository/org/springframework/spring-jdbc/5.3.1/spring-jdbc-5.3.1.jar:/Users/MacBook/.m2/repository/org/springframework/boot/spring-boot-starter-thymeleaf/2.4.0/spring-boot-starter-thymeleaf-2.4.0.jar:/Users/MacBook/.m2/repository/org/thymeleaf/thymeleaf-spring5/3.0.11.RELEASE/thymeleaf-spring5-3.0.11.RELEASE.jar:/Users/MacBook/.m2/repository/org/thymeleaf/thymeleaf/3.0.11.RELEASE/thymeleaf-3.0.11.RELEASE.jar:/Users/MacBook/.m2/repository/org/attoparser/attoparser/2.0.5.RELEASE/attoparser-2.0.5.RELEASE.jar:/Users/MacBook/.m2/repository/org/unbescape/unbescape/1.1.6.RELEASE/unbescape-1.1.6.RELEASE.jar:/Users/MacBook/.m2/repository/org/thymeleaf/extras/thymeleaf-extras-java8time/3.0.4.RELEASE/thymeleaf-extras-java8time-3.0.4.RELEASE.jar:/Users/MacBook/.m2/repository/org/springframework/boot/spring-boot-starter-web/2.4.0/spring-boot-starter-web-2.4.0.jar:/Users/MacBook/.m2/repository/org/springframework/boot/spring-boot-starter-json/2.4.0/spring-boot-starter-json-2.4.0.jar:/Users/MacBook/.m2/repository/com/fasterxml/jackson/datatype/jackson-datatype-jdk8/2.11.3/jackson-datatype-jdk8-2.11.3.jar:/Users/MacBook/.m2/repository/com/fasterxml/jackson/datatype/jackson-datatype-jsr310/2.11.3/jackson-datatype-jsr310-2.11.3.jar:/Users/MacBook/.m2/repository/com/fasterxml/jackson/module/jackson-module-parameter-names/2.11.3/jackson-module-parameter-names-2.11.3.jar:/Users/MacBook/.m2/repository/org/springframework/boot/spring-boot-starter-tomcat/2.4.0/spring-boot-starter-tomcat-2.4.0.jar:/Users/MacBook/.m2/repository/org/apache/tomcat/embed/tomcat-embed-core/9.0.39/tomcat-embed-core-9.0.39.jar:/Users/MacBook/.m2/repository/org/glassfish/jakarta.el/3.0.3/jakarta.el-3.0.3.jar:/Users/MacBook/.m2/repository/org/apache/tomcat/embed/tomcat-embed-websocket/9.0.39/tomcat-embed-websocket-9.0.39.jar:/Users/MacBook/.m2/repository/org/springframework/spring-web/5.3.1/spring-web-5.3.1.jar:/Users/MacBook/.m2/repository/org/springframework/spring-webmvc/5.3.1/spring-webmvc-5.3.1.jar:/Users/MacBook/.m2/repository/org/springframework/spring-expression/5.3.1/spring-expression-5.3.1.jar:/Users/MacBook/.m2/repository/com/fasterxml/jackson/module/jackson-module-kotlin/2.11.3/jackson-module-kotlin-2.11.3.jar:/Users/MacBook/.m2/repository/com/fasterxml/jackson/core/jackson-databind/2.11.3/jackson-databind-2.11.3.jar:/Users/MacBook/.m2/repository/com/fasterxml/jackson/core/jackson-core/2.11.3/jackson-core-2.11.3.jar:/Users/MacBook/.m2/repository/com/fasterxml/jackson/core/jackson-annotations/2.11.3/jackson-annotations-2.11.3.jar:/Users/MacBook/.m2/repository/org/jetbrains/kotlin/kotlin-reflect/1.4.10/kotlin-reflect-1.4.10.jar:/Users/MacBook/.m2/repository/org/jetbrains/kotlin/kotlin-stdlib/1.4.10/kotlin-stdlib-1.4.10.jar:/Users/MacBook/.m2/repository/org/jetbrains/kotlin/kotlin-stdlib-common/1.4.10/kotlin-stdlib-common-1.4.10.jar:/Users/MacBook/.m2/repository/org/jetbrains/annotations/13.0/annotations-13.0.jar:/Users/MacBook/.m2/repository/org/springframework/boot/spring-boot-starter-test/2.4.0/spring-boot-starter-test-2.4.0.jar:/Users/MacBook/.m2/repository/org/springframework/boot/spring-boot-test/2.4.0/spring-boot-test-2.4.0.jar:/Users/MacBook/.m2/repository/org/springframework/boot/spring-boot-test-autoconfigure/2.4.0/spring-boot-test-autoconfigure-2.4.0.jar:/Users/MacBook/.m2/repository/com/jayway/jsonpath/json-path/2.4.0/json-path-2.4.0.jar:/Users/MacBook/.m2/repository/net/minidev/json-smart/2.3/json-smart-2.3.jar:/Users/MacBook/.m2/repository/net/minidev/accessors-smart/1.2/accessors-smart-1.2.jar:/Users/MacBook/.m2/repository/org/ow2/asm/asm/5.0.4/asm-5.0.4.jar:/Users/MacBook/.m2/repository/jakarta/xml/bind/jakarta.xml.bind-api/2.3.3/jakarta.xml.bind-api-2.3.3.jar:/Users/MacBook/.m2/repository/jakarta/activation/jakarta.activation-api/1.2.2/jakarta.activation-api-1.2.2.jar:/Users/MacBook/.m2/repository/org/assertj/assertj-core/3.18.1/assertj-core-3.18.1.jar:/Users/MacBook/.m2/repository/org/hamcrest/hamcrest/2.2/hamcrest-2.2.jar:/Users/MacBook/.m2/repository/org/junit/jupiter/junit-jupiter/5.7.0/junit-jupiter-5.7.0.jar:/Users/MacBook/.m2/repository/org/junit/jupiter/junit-jupiter-api/5.7.0/junit-jupiter-api-5.7.0.jar:/Users/MacBook/.m2/repository/org/apiguardian/apiguardian-api/1.1.0/apiguardian-api-1.1.0.jar:/Users/MacBook/.m2/repository/org/opentest4j/opentest4j/1.2.0/opentest4j-1.2.0.jar:/Users/MacBook/.m2/repository/org/junit/platform/junit-platform-commons/1.7.0/junit-platform-commons-1.7.0.jar:/Users/MacBook/.m2/repository/org/junit/jupiter/junit-jupiter-params/5.7.0/junit-jupiter-params-5.7.0.jar:/Users/MacBook/.m2/repository/org/junit/jupiter/junit-jupiter-engine/5.7.0/junit-jupiter-engine-5.7.0.jar:/Users/MacBook/.m2/repository/org/junit/platform/junit-platform-engine/1.7.0/junit-platform-engine-1.7.0.jar:/Users/MacBook/.m2/repository/org/mockito/mockito-core/3.6.0/mockito-core-3.6.0.jar:/Users/MacBook/.m2/repository/net/bytebuddy/byte-buddy-agent/1.10.18/byte-buddy-agent-1.10.18.jar:/Users/MacBook/.m2/repository/org/objenesis/objenesis/3.1/objenesis-3.1.jar:/Users/MacBook/.m2/repository/org/mockito/mockito-junit-jupiter/3.6.0/mockito-junit-jupiter-3.6.0.jar:/Users/MacBook/.m2/repository/org/skyscreamer/jsonassert/1.5.0/jsonassert-1.5.0.jar:/Users/MacBook/.m2/repository/com/vaadin/external/google/android-json/0.0.20131108.vaadin1/android-json-0.0.20131108.vaadin1.jar:/Users/MacBook/.m2/repository/org/springframework/spring-core/5.3.1/spring-core-5.3.1.jar:/Users/MacBook/.m2/repository/org/springframework/spring-jcl/5.3.1/spring-jcl-5.3.1.jar:/Users/MacBook/.m2/repository/org/springframework/spring-test/5.3.1/spring-test-5.3.1.jar:/Users/MacBook/.m2/repository/org/xmlunit/xmlunit-core/2.7.0/xmlunit-core-2.7.0.jar:/Users/MacBook/.m2/repository/org/jetbrains/kotlin/kotlin-stdlib-jdk8/1.4.10/kotlin-stdlib-jdk8-1.4.10.jar:/Users/MacBook/.m2/repository/org/jetbrains/kotlin/kotlin-stdlib-jdk7/1.4.10/kotlin-stdlib-jdk7-1.4.10.jar:/Users/MacBook/.m2/repository/org/jetbrains/kotlin/kotlin-test/1.4.10/kotlin-test-1.4.10.jar:/Users/MacBook/.m2/repository/org/jetbrains/kotlin/kotlin-test-common/1.4.10/kotlin-test-common-1.4.10.jar:/Users/MacBook/.m2/repository/mysql/mysql-connector-java/8.0.22/mysql-connector-java-8.0.22.jar:/Users/MacBook/.m2/repository/org/apache/maven/plugins/maven-site-plugin/3.8.2/maven-site-plugin-3.8.2.jar:/Users/MacBook/.m2/repository/commons-logging/commons-logging/1.1/commons-logging-1.1.jar:/Users/MacBook/.m2/repository/log4j/log4j/1.2.12/log4j-1.2.12.jar:/Users/MacBook/.m2/repository/logkit/logkit/1.0.1/logkit-1.0.1.jar:/Users/MacBook/.m2/repository/avalon-framework/avalon-framework/4.1.3/avalon-framework-4.1.3.jar:/Users/MacBook/.m2/repository/org/apache/maven/reporting/maven-reporting-exec/1.4/maven-reporting-exec-1.4.jar:/Users/MacBook/.m2/repository/org/apache/maven/reporting/maven-reporting-api/3.0/maven-reporting-api-3.0.jar:/Users/MacBook/.m2/repository/org/apache/maven/maven-artifact/3.0/maven-artifact-3.0.jar:/Users/MacBook/.m2/repository/org/sonatype/aether/aether-util/1.7/aether-util-1.7.jar:/Users/MacBook/.m2/repository/org/eclipse/aether/aether-util/0.9.0.M2/aether-util-0.9.0.M2.jar:/Users/MacBook/.m2/repository/org/apache/maven/shared/maven-shared-utils/3.1.0/maven-shared-utils-3.1.0.jar:/Users/MacBook/.m2/repository/org/apache/maven/maven-core/3.0/maven-core-3.0.jar:/Users/MacBook/.m2/repository/org/apache/maven/maven-repository-metadata/3.0/maven-repository-metadata-3.0.jar:/Users/MacBook/.m2/repository/org/apache/maven/maven-model-builder/3.0/maven-model-builder-3.0.jar:/Users/MacBook/.m2/repository/org/apache/maven/maven-aether-provider/3.0/maven-aether-provider-3.0.jar:/Users/MacBook/.m2/repository/org/sonatype/aether/aether-impl/1.7/aether-impl-1.7.jar:/Users/MacBook/.m2/repository/org/sonatype/aether/aether-spi/1.7/aether-spi-1.7.jar:/Users/MacBook/.m2/repository/org/sonatype/aether/aether-api/1.7/aether-api-1.7.jar:/Users/MacBook/.m2/repository/org/codehaus/plexus/plexus-interpolation/1.14/plexus-interpolation-1.14.jar:/Users/MacBook/.m2/repository/org/codehaus/plexus/plexus-component-annotations/1.5.5/plexus-component-annotations-1.5.5.jar:/Users/MacBook/.m2/repository/org/sonatype/plexus/plexus-sec-dispatcher/1.3/plexus-sec-dispatcher-1.3.jar:/Users/MacBook/.m2/repository/org/sonatype/plexus/plexus-cipher/1.4/plexus-cipher-1.4.jar:/Users/MacBook/.m2/repository/org/apache/maven/maven-model/3.0/maven-model-3.0.jar:/Users/MacBook/.m2/repository/org/apache/maven/maven-plugin-api/3.0/maven-plugin-api-3.0.jar:/Users/MacBook/.m2/repository/org/apache/maven/maven-settings/3.0/maven-settings-3.0.jar:/Users/MacBook/.m2/repository/org/apache/maven/maven-settings-builder/3.0/maven-settings-builder-3.0.jar:/Users/MacBook/.m2/repository/org/apache/maven/maven-archiver/3.1.1/maven-archiver-3.1.1.jar:/Users/MacBook/.m2/repository/org/sonatype/sisu/sisu-inject-plexus/1.4.2/sisu-inject-plexus-1.4.2.jar:/Users/MacBook/.m2/repository/org/sonatype/sisu/sisu-inject-bean/1.4.2/sisu-inject-bean-1.4.2.jar:/Users/MacBook/.m2/repository/org/sonatype/sisu/sisu-guice/2.1.7/sisu-guice-2.1.7-noaop.jar:/Users/MacBook/.m2/repository/org/codehaus/plexus/plexus-archiver/3.4/plexus-archiver-3.4.jar:/Users/MacBook/.m2/repository/org/codehaus/plexus/plexus-io/2.7.1/plexus-io-2.7.1.jar:/Users/MacBook/.m2/repository/org/apache/commons/commons-compress/1.11/commons-compress-1.11.jar:/Users/MacBook/.m2/repository/org/iq80/snappy/snappy/0.4/snappy-0.4.jar:/Users/MacBook/.m2/repository/org/tukaani/xz/1.5/xz-1.5.jar:/Users/MacBook/.m2/repository/org/codehaus/plexus/plexus-i18n/1.0-beta-10/plexus-i18n-1.0-beta-10.jar:/Users/MacBook/.m2/repository/org/codehaus/plexus/plexus-utils/3.0.24/plexus-utils-3.0.24.jar:/Users/MacBook/.m2/repository/org/codehaus/plexus/plexus-classworlds/2.5.2/plexus-classworlds-2.5.2.jar:/Users/MacBook/.m2/repository/org/apache/maven/doxia/doxia-sink-api/1.9/doxia-sink-api-1.9.jar:/Users/MacBook/.m2/repository/org/apache/maven/doxia/doxia-logging-api/1.9/doxia-logging-api-1.9.jar:/Users/MacBook/.m2/repository/org/apache/maven/doxia/doxia-core/1.9/doxia-core-1.9.jar:/Users/MacBook/.m2/repository/org/codehaus/plexus/plexus-container-default/1.7.1/plexus-container-default-1.7.1.jar:/Users/MacBook/.m2/repository/org/apache/xbean/xbean-reflect/3.7/xbean-reflect-3.7.jar:/Users/MacBook/.m2/repository/com/google/collections/google-collections/1.0/google-collections-1.0.jar:/Users/MacBook/.m2/repository/org/apache/httpcomponents/httpclient/4.5.13/httpclient-4.5.13.jar:/Users/MacBook/.m2/repository/commons-codec/commons-codec/1.15/commons-codec-1.15.jar:/Users/MacBook/.m2/repository/org/apache/httpcomponents/httpcore/4.4.13/httpcore-4.4.13.jar:/Users/MacBook/.m2/repository/org/apache/maven/doxia/doxia-module-xhtml/1.9/doxia-module-xhtml-1.9.jar:/Users/MacBook/.m2/repository/org/apache/maven/doxia/doxia-module-xhtml5/1.9/doxia-module-xhtml5-1.9.jar:/Users/MacBook/.m2/repository/org/apache/maven/doxia/doxia-module-apt/1.9/doxia-module-apt-1.9.jar:/Users/MacBook/.m2/repository/org/apache/maven/doxia/doxia-module-xdoc/1.9/doxia-module-xdoc-1.9.jar:/Users/MacBook/.m2/repository/org/apache/maven/doxia/doxia-module-fml/1.9/doxia-module-fml-1.9.jar:/Users/MacBook/.m2/repository/org/apache/maven/doxia/doxia-module-markdown/1.9/doxia-module-markdown-1.9.jar:/Users/MacBook/.m2/repository/com/vladsch/flexmark/flexmark-all/0.42.8/flexmark-all-0.42.8.jar:/Users/MacBook/.m2/repository/com/vladsch/flexmark/flexmark/0.42.8/flexmark-0.42.8.jar:/Users/MacBook/.m2/repository/com/vladsch/flexmark/flexmark-ext-abbreviation/0.42.8/flexmark-ext-abbreviation-0.42.8.jar:/Users/MacBook/.m2/repository/com/vladsch/flexmark/flexmark-ext-admonition/0.42.8/flexmark-ext-admonition-0.42.8.jar:/Users/MacBook/.m2/repository/com/vladsch/flexmark/flexmark-ext-anchorlink/0.42.8/flexmark-ext-anchorlink-0.42.8.jar:/Users/MacBook/.m2/repository/com/vladsch/flexmark/flexmark-ext-aside/0.42.8/flexmark-ext-aside-0.42.8.jar:/Users/MacBook/.m2/repository/com/vladsch/flexmark/flexmark-ext-attributes/0.42.8/flexmark-ext-attributes-0.42.8.jar:/Users/MacBook/.m2/repository/com/vladsch/flexmark/flexmark-ext-autolink/0.42.8/flexmark-ext-autolink-0.42.8.jar:/Users/MacBook/.m2/repository/org/nibor/autolink/autolink/0.6.0/autolink-0.6.0.jar:/Users/MacBook/.m2/repository/com/vladsch/flexmark/flexmark-ext-definition/0.42.8/flexmark-ext-definition-0.42.8.jar:/Users/MacBook/.m2/repository/com/vladsch/flexmark/flexmark-ext-emoji/0.42.8/flexmark-ext-emoji-0.42.8.jar:/Users/MacBook/.m2/repository/com/vladsch/flexmark/flexmark-ext-enumerated-reference/0.42.8/flexmark-ext-enumerated-reference-0.42.8.jar:/Users/MacBook/.m2/repository/com/vladsch/flexmark/flexmark-ext-escaped-character/0.42.8/flexmark-ext-escaped-character-0.42.8.jar:/Users/MacBook/.m2/repository/com/vladsch/flexmark/flexmark-ext-footnotes/0.42.8/flexmark-ext-footnotes-0.42.8.jar:/Users/MacBook/.m2/repository/com/vladsch/flexmark/flexmark-ext-gfm-issues/0.42.8/flexmark-ext-gfm-issues-0.42.8.jar:/Users/MacBook/.m2/repository/com/vladsch/flexmark/flexmark-ext-gfm-strikethrough/0.42.8/flexmark-ext-gfm-strikethrough-0.42.8.jar:/Users/MacBook/.m2/repository/com/vladsch/flexmark/flexmark-ext-gfm-tables/0.42.8/flexmark-ext-gfm-tables-0.42.8.jar:/Users/MacBook/.m2/repository/com/vladsch/flexmark/flexmark-ext-gfm-tasklist/0.42.8/flexmark-ext-gfm-tasklist-0.42.8.jar:/Users/MacBook/.m2/repository/com/vladsch/flexmark/flexmark-ext-gfm-users/0.42.8/flexmark-ext-gfm-users-0.42.8.jar:/Users/MacBook/.m2/repository/com/vladsch/flexmark/flexmark-ext-gitlab/0.42.8/flexmark-ext-gitlab-0.42.8.jar:/Users/MacBook/.m2/repository/com/vladsch/flexmark/flexmark-ext-jekyll-front-matter/0.42.8/flexmark-ext-jekyll-front-matter-0.42.8.jar:/Users/MacBook/.m2/repository/com/vladsch/flexmark/flexmark-ext-jekyll-tag/0.42.8/flexmark-ext-jekyll-tag-0.42.8.jar:/Users/MacBook/.m2/repository/com/vladsch/flexmark/flexmark-ext-media-tags/0.42.8/flexmark-ext-media-tags-0.42.8.jar:/Users/MacBook/.m2/repository/com/vladsch/flexmark/flexmark-ext-macros/0.42.8/flexmark-ext-macros-0.42.8.jar:/Users/MacBook/.m2/repository/com/vladsch/flexmark/flexmark-ext-ins/0.42.8/flexmark-ext-ins-0.42.8.jar:/Users/MacBook/.m2/repository/com/vladsch/flexmark/flexmark-ext-xwiki-macros/0.42.8/flexmark-ext-xwiki-macros-0.42.8.jar:/Users/MacBook/.m2/repository/com/vladsch/flexmark/flexmark-ext-superscript/0.42.8/flexmark-ext-superscript-0.42.8.jar:/Users/MacBook/.m2/repository/com/vladsch/flexmark/flexmark-ext-tables/0.42.8/flexmark-ext-tables-0.42.8.jar:/Users/MacBook/.m2/repository/com/vladsch/flexmark/flexmark-ext-toc/0.42.8/flexmark-ext-toc-0.42.8.jar:/Users/MacBook/.m2/repository/com/vladsch/flexmark/flexmark-ext-typographic/0.42.8/flexmark-ext-typographic-0.42.8.jar:/Users/MacBook/.m2/repository/com/vladsch/flexmark/flexmark-ext-wikilink/0.42.8/flexmark-ext-wikilink-0.42.8.jar:/Users/MacBook/.m2/repository/com/vladsch/flexmark/flexmark-ext-yaml-front-matter/0.42.8/flexmark-ext-yaml-front-matter-0.42.8.jar:/Users/MacBook/.m2/repository/com/vladsch/flexmark/flexmark-ext-youtube-embedded/0.42.8/flexmark-ext-youtube-embedded-0.42.8.jar:/Users/MacBook/.m2/repository/com/vladsch/flexmark/flexmark-formatter/0.42.8/flexmark-formatter-0.42.8.jar:/Users/MacBook/.m2/repository/com/vladsch/flexmark/flexmark-html-parser/0.42.8/flexmark-html-parser-0.42.8.jar:/Users/MacBook/.m2/repository/org/jsoup/jsoup/1.10.2/jsoup-1.10.2.jar:/Users/MacBook/.m2/repository/com/vladsch/flexmark/flexmark-jira-converter/0.42.8/flexmark-jira-converter-0.42.8.jar:/Users/MacBook/.m2/repository/com/vladsch/flexmark/flexmark-profile-pegdown/0.42.8/flexmark-profile-pegdown-0.42.8.jar:/Users/MacBook/.m2/repository/com/vladsch/flexmark/flexmark-util/0.42.8/flexmark-util-0.42.8.jar:/Users/MacBook/.m2/repository/com/vladsch/flexmark/flexmark-youtrack-converter/0.42.8/flexmark-youtrack-converter-0.42.8.jar:/Users/MacBook/.m2/repository/org/apache/maven/doxia/doxia-module-confluence/1.9/doxia-module-confluence-1.9.jar:/Users/MacBook/.m2/repository/org/apache/maven/doxia/doxia-module-docbook-simple/1.9/doxia-module-docbook-simple-1.9.jar:/Users/MacBook/.m2/repository/org/apache/maven/doxia/doxia-module-twiki/1.9/doxia-module-twiki-1.9.jar:/Users/MacBook/.m2/repository/org/apache/maven/doxia/doxia-decoration-model/1.9.1/doxia-decoration-model-1.9.1.jar:/Users/MacBook/.m2/repository/org/apache/maven/doxia/doxia-site-renderer/1.9.1/doxia-site-renderer-1.9.1.jar:/Users/MacBook/.m2/repository/org/apache/maven/doxia/doxia-skin-model/1.9.1/doxia-skin-model-1.9.1.jar:/Users/MacBook/.m2/repository/org/codehaus/plexus/plexus-velocity/1.2/plexus-velocity-1.2.jar:/Users/MacBook/.m2/repository/org/apache/velocity/velocity/1.7/velocity-1.7.jar:/Users/MacBook/.m2/repository/commons-lang/commons-lang/2.4/commons-lang-2.4.jar:/Users/MacBook/.m2/repository/org/apache/velocity/velocity-tools/2.0/velocity-tools-2.0.jar:/Users/MacBook/.m2/repository/commons-beanutils/commons-beanutils/1.7.0/commons-beanutils-1.7.0.jar:/Users/MacBook/.m2/repository/commons-digester/commons-digester/1.8/commons-digester-1.8.jar:/Users/MacBook/.m2/repository/commons-chain/commons-chain/1.1/commons-chain-1.1.jar:/Users/MacBook/.m2/repository/commons-validator/commons-validator/1.3.1/commons-validator-1.3.1.jar:/Users/MacBook/.m2/repository/dom4j/dom4j/1.1/dom4j-1.1.jar:/Users/MacBook/.m2/repository/oro/oro/2.0.8/oro-2.0.8.jar:/Users/MacBook/.m2/repository/sslext/sslext/1.2-0/sslext-1.2-0.jar:/Users/MacBook/.m2/repository/org/apache/struts/struts-core/1.3.8/struts-core-1.3.8.jar:/Users/MacBook/.m2/repository/org/apache/struts/struts-taglib/1.3.8/struts-taglib-1.3.8.jar:/Users/MacBook/.m2/repository/org/apache/struts/struts-tiles/1.3.8/struts-tiles-1.3.8.jar:/Users/MacBook/.m2/repository/commons-collections/commons-collections/3.2.2/commons-collections-3.2.2.jar:/Users/MacBook/.m2/repository/org/apache/maven/doxia/doxia-integration-tools/1.9.1/doxia-integration-tools-1.9.1.jar:/Users/MacBook/.m2/repository/org/apache/maven/wagon/wagon-provider-api/3.3.1/wagon-provider-api-3.3.1.jar:/Users/MacBook/.m2/repository/org/eclipse/jetty/jetty-server/9.4.34.v20201102/jetty-server-9.4.34.v20201102.jar:/Users/MacBook/.m2/repository/javax/servlet/javax.servlet-api/4.0.1/javax.servlet-api-4.0.1.jar:/Users/MacBook/.m2/repository/org/eclipse/jetty/jetty-http/9.4.34.v20201102/jetty-http-9.4.34.v20201102.jar:/Users/MacBook/.m2/repository/org/eclipse/jetty/jetty-io/9.4.34.v20201102/jetty-io-9.4.34.v20201102.jar:/Users/MacBook/.m2/repository/org/eclipse/jetty/jetty-servlet/9.4.34.v20201102/jetty-servlet-9.4.34.v20201102.jar:/Users/MacBook/.m2/repository/org/eclipse/jetty/jetty-security/9.4.34.v20201102/jetty-security-9.4.34.v20201102.jar:/Users/MacBook/.m2/repository/org/eclipse/jetty/jetty-webapp/9.4.34.v20201102/jetty-webapp-9.4.34.v20201102.jar:/Users/MacBook/.m2/repository/org/eclipse/jetty/jetty-xml/9.4.34.v20201102/jetty-xml-9.4.34.v20201102.jar:/Users/MacBook/.m2/repository/org/eclipse/jetty/jetty-util/9.4.34.v20201102/jetty-util-9.4.34.v20201102.jar:/Users/MacBook/.m2/repository/org/apache/commons/commons-lang3/3.11/commons-lang3-3.11.jar:/Users/MacBook/.m2/repository/commons-io/commons-io/2.5/commons-io-2.5.jar:/Users/MacBook/.m2/repository/com/alibaba/druid/1.1.9/druid-1.1.9.jar:/Users/MacBook/.m2/repository/org/aspectj/aspectjweaver/1.9.6/aspectjweaver-1.9.6.jar:/Users/MacBook/.m2/repository/com/squareup/retrofit2/converter-gson/2.1.0/converter-gson-2.1.0.jar:/Users/MacBook/.m2/repository/com/squareup/retrofit2/retrofit/2.1.0/retrofit-2.1.0.jar:/Users/MacBook/.m2/repository/com/google/code/gson/gson/2.8.6/gson-2.8.6.jar:/Users/MacBook/.m2/repository/com/squareup/retrofit2/converter-scalars/2.1.0/converter-scalars-2.1.0.jar:/Users/MacBook/.m2/repository/com/squareup/retrofit2/adapter-rxjava2/2.4.0/adapter-rxjava2-2.4.0.jar:/Users/MacBook/.m2/repository/io/reactivex/rxjava2/rxjava/2.1.8/rxjava-2.1.8.jar:/Users/MacBook/.m2/repository/org/reactivestreams/reactive-streams/1.0.3/reactive-streams-1.0.3.jar:/Users/MacBook/.m2/repository/com/squareup/okhttp3/logging-interceptor/3.4.1/logging-interceptor-3.4.1.jar:/Users/MacBook/.m2/repository/com/squareup/okhttp3/okhttp/3.14.9/okhttp-3.14.9.jar:/Users/MacBook/.m2/repository/com/squareup/okio/okio/1.17.2/okio-1.17.2.jar:/Users/MacBook/.m2/repository/org/bouncycastle/bcprov-jdk15on/1.66/bcprov-jdk15on-1.66.jar:/Users/MacBook/.m2/repository/org/springframework/boot/spring-boot-starter-redis/1.4.7.RELEASE/spring-boot-starter-redis-1.4.7.RELEASE.jar:/Users/MacBook/.m2/repository/org/springframework/data/spring-data-redis/2.4.1/spring-data-redis-2.4.1.jar:/Users/MacBook/.m2/repository/org/springframework/data/spring-data-keyvalue/2.4.1/spring-data-keyvalue-2.4.1.jar:/Users/MacBook/.m2/repository/org/springframework/spring-oxm/5.3.1/spring-oxm-5.3.1.jar:/Users/MacBook/.m2/repository/org/springframework/spring-context-support/5.3.1/spring-context-support-5.3.1.jar:/Users/MacBook/.m2/repository/redis/clients/jedis/3.3.0/jedis-3.3.0.jar:/Users/MacBook/.m2/repository/org/apache/commons/commons-pool2/2.9.0/commons-pool2-2.9.0.jar:"/>
    <property name="sun.cpu.endian" value="little"/>
    <property name="user.home" value="/Users/MacBook"/>
    <property name="user.language" value="zh"/>
    <property name="java.specification.vendor" value="Oracle Corporation"/>
    <property name="java.home" value="/Library/Java/JavaVirtualMachines/jdk1.8.0_77.jdk/Contents/Home/jre"/>
    <property name="basedir" value="/Users/MacBook/Downloads/wendao"/>
    <property name="file.separator" value="/"/>
    <property name="line.separator" value="&#10;"/>
    <property name="java.vm.specification.vendor" value="Oracle Corporation"/>
    <property name="java.specification.name" value="Java Platform API Specification"/>
    <property name="java.awt.graphicsenv" value="sun.awt.CGraphicsEnvironment"/>
    <property name="surefire.real.class.path" value="/Users/MacBook/Downloads/wendao/target/surefire/surefirebooter3827633634663024330.jar"/>
    <property name="sun.boot.class.path" value="/Library/Java/JavaVirtualMachines/jdk1.8.0_77.jdk/Contents/Home/jre/lib/resources.jar:/Library/Java/JavaVirtualMachines/jdk1.8.0_77.jdk/Contents/Home/jre/lib/rt.jar:/Library/Java/JavaVirtualMachines/jdk1.8.0_77.jdk/Contents/Home/jre/lib/sunrsasign.jar:/Library/Java/JavaVirtualMachines/jdk1.8.0_77.jdk/Contents/Home/jre/lib/jsse.jar:/Library/Java/JavaVirtualMachines/jdk1.8.0_77.jdk/Contents/Home/jre/lib/jce.jar:/Library/Java/JavaVirtualMachines/jdk1.8.0_77.jdk/Contents/Home/jre/lib/charsets.jar:/Library/Java/JavaVirtualMachines/jdk1.8.0_77.jdk/Contents/Home/jre/lib/jfr.jar:/Library/Java/JavaVirtualMachines/jdk1.8.0_77.jdk/Contents/Home/jre/classes"/>
    <property name="sun.management.compiler" value="HotSpot 64-Bit Tiered Compilers"/>
    <property name="java.runtime.version" value="1.8.0_77-b03"/>
    <property name="user.name" value="MacBook"/>
    <property name="path.separator" value=":"/>
    <property name="os.version" value="10.15.7"/>
    <property name="java.endorsed.dirs" value="/Library/Java/JavaVirtualMachines/jdk1.8.0_77.jdk/Contents/Home/jre/lib/endorsed"/>
    <property name="java.runtime.name" value="Java(TM) SE Runtime Environment"/>
    <property name="file.encoding" value="UTF-8"/>
    <property name="java.vm.name" value="Java HotSpot(TM) 64-Bit Server VM"/>
    <property name="localRepository" value="/Users/MacBook/.m2/repository"/>
    <property name="java.vendor.url.bug" value="http://bugreport.sun.com/bugreport/"/>
    <property name="java.io.tmpdir" value="/var/folders/dx/t4gl19gd7ll8jy8d7491hky40000gn/T/"/>
    <property name="idea.version" value="2020.2.3"/>
    <property name="java.version" value="1.8.0_77"/>
    <property name="user.dir" value="/Users/MacBook/Downloads/wendao"/>
    <property name="os.arch" value="x86_64"/>
    <property name="java.vm.specification.name" value="Java Virtual Machine Specification"/>
    <property name="java.awt.printerjob" value="sun.lwawt.macosx.CPrinterJob"/>
    <property name="sun.os.patch.level" value="unknown"/>
    <property name="java.library.path" value="/Users/MacBook/Library/Java/Extensions:/Library/Java/Extensions:/Network/Library/Java/Extensions:/System/Library/Java/Extensions:/usr/lib/java:."/>
    <property name="java.vm.info" value="mixed mode"/>
    <property name="java.vendor" value="Oracle Corporation"/>
    <property name="java.vm.version" value="25.77-b03"/>
    <property name="java.ext.dirs" value="/Users/MacBook/Library/Java/Extensions:/Library/Java/JavaVirtualMachines/jdk1.8.0_77.jdk/Contents/Home/jre/lib/ext:/Library/Java/Extensions:/Network/Library/Java/Extensions:/System/Library/Java/Extensions:/usr/lib/java"/>
    <property name="sun.io.unicode.encoding" value="UnicodeBig"/>
    <property name="java.class.version" value="52.0"/>
  </properties>
  <testcase name="contextLoads" classname="pub.moi.wendao.WendaoApplicationTests" time="0.072"/>
</testsuite>